This file contains any messages produced by compilers while
running configure, to aid debugging if configure makes a mistake.

It was created by configure, which was
generated by GNU Autoconf 2.59.  Invocation command line was

  $ ./configure --with-apxs=/usr/local/apache2/bin/apxs --with-python=/usr/local/bin/python

## --------- ##
## Platform. ##
## --------- ##

hostname = ys-centos
uname -m = i686
uname -r = 2.6.32-220.el6.i686
uname -s = Linux
uname -v = #1 SMP Tue Dec 6 16:15:40 GMT 2011

/usr/bin/uname -p = unknown
/bin/uname -X     = unknown

/bin/arch              = i686
/usr/bin/arch -k       = unknown
/usr/convex/getsysinfo = unknown
hostinfo               = unknown
/bin/machine           = unknown
/usr/bin/oslevel       = unknown
/bin/universe          = unknown

PATH: /home/dds/bin/jd-gui-0.3.3.linux.i686/bin
PATH: /home/dds/bin/dex2jar-0.0.9.15/bin
PATH: /home/dds/bin/apktool1.5.2/bin
PATH: /home/dds/bin/apache-maven-2.2.1/bin
PATH: /home/dds/bin/apache-ant-1.8.4/bin
PATH: /home/dds/bin/android/sdk/platform-tools
PATH: /home/dds/bin/android/sdk/tools
PATH: /home/dds/bin/jdk1.6/bin
PATH: /home/dds/bin/jdk1.6/jre/bin
PATH: /usr/lib/qt-3.3/bin
PATH: /usr/local/bin
PATH: /usr/bin
PATH: /bin
PATH: /usr/local/sbin
PATH: /usr/sbin
PATH: /sbin
PATH: /home/dds/bin


## ----------- ##
## Core tests. ##
## ----------- ##

configure:1310: checking for gcc
configure:1326: found /usr/bin/gcc
configure:1336: result: gcc
configure:1580: checking for C compiler version
configure:1583: gcc --version </dev/null >&5
gcc (GCC) 4.4.7 20120313 (Red Hat 4.4.7-3)
Copyright (C) 2010 Free Software Foundation, Inc.
This is free software; see the source for copying conditions.  There is NO
warranty; not even for MERCHANTABILITY or FITNESS FOR A PARTICULAR PURPOSE.

configure:1586: $? = 0
configure:1588: gcc -v </dev/null >&5
Using built-in specs.
Target: i686-redhat-linux
Configured with: ../configure --prefix=/usr --mandir=/usr/share/man --infodir=/usr/share/info --with-bugurl=http://bugzilla.redhat.com/bugzilla --enable-bootstrap --enable-shared --enable-threads=posix --enable-checking=release --with-system-zlib --enable-__cxa_atexit --disable-libunwind-exceptions --enable-gnu-unique-object --enable-languages=c,c++,objc,obj-c++,java,fortran,ada --enable-java-awt=gtk --disable-dssi --with-java-home=/usr/lib/jvm/java-1.5.0-gcj-1.5.0.0/jre --enable-libgcj-multifile --enable-java-maintainer-mode --with-ecj-jar=/usr/share/java/eclipse-ecj.jar --disable-libjava-multilib --with-ppl --with-cloog --with-tune=generic --with-arch=i686 --build=i686-redhat-linux
Thread model: posix
gcc version 4.4.7 20120313 (Red Hat 4.4.7-3) (GCC) 
configure:1591: $? = 0
configure:1593: gcc -V </dev/null >&5
gcc: '-V' option must have argument
configure:1596: $? = 1
configure:1619: checking for C compiler default output file name
configure:1622: gcc    conftest.c  >&5
configure:1625: $? = 0
configure:1671: result: a.out
configure:1676: checking whether the C compiler works
configure:1682: ./a.out
configure:1685: $? = 0
configure:1702: result: yes
configure:1709: checking whether we are cross compiling
configure:1711: result: no
configure:1714: checking for suffix of executables
configure:1716: gcc -o conftest    conftest.c  >&5
configure:1719: $? = 0
configure:1744: result: 
configure:1750: checking for suffix of object files
configure:1771: gcc -c   conftest.c >&5
configure:1774: $? = 0
configure:1796: result: o
configure:1800: checking whether we are using the GNU C compiler
configure:1824: gcc -c   conftest.c >&5
configure:1830: $? = 0
configure:1833: test -z 			 || test ! -s conftest.err
configure:1836: $? = 0
configure:1839: test -s conftest.o
configure:1842: $? = 0
configure:1855: result: yes
configure:1861: checking whether gcc accepts -g
configure:1882: gcc -c -g  conftest.c >&5
configure:1888: $? = 0
configure:1891: test -z 			 || test ! -s conftest.err
configure:1894: $? = 0
configure:1897: test -s conftest.o
configure:1900: $? = 0
configure:1911: result: yes
configure:1928: checking for gcc option to accept ANSI C
configure:1998: gcc  -c -g -O2  conftest.c >&5
configure:2004: $? = 0
configure:2007: test -z 			 || test ! -s conftest.err
configure:2010: $? = 0
configure:2013: test -s conftest.o
configure:2016: $? = 0
configure:2034: result: none needed
configure:2052: gcc -c -g -O2  conftest.c >&5
conftest.c:2: error: expected '=', ',', ';', 'asm' or '__attribute__' before 'me'
configure:2058: $? = 1
configure: failed program was:
| #ifndef __cplusplus
|   choke me
| #endif
configure:2193: checking for ar
configure:2209: found /usr/bin/ar
configure:2219: result: ar
configure:2268: checking for a BSD-compatible install
configure:2323: result: /usr/bin/install -c
configure:2334: checking whether make sets $(MAKE)
configure:2354: result: yes
configure:2366: checking for main in -lm
configure:2390: gcc -o conftest -g -O2   conftest.c -lm   >&5
configure:2396: $? = 0
configure:2399: test -z 			 || test ! -s conftest.err
configure:2402: $? = 0
configure:2405: test -s conftest
configure:2408: $? = 0
configure:2421: result: yes
configure:2434: checking for an ANSI C-conforming const
configure:2501: gcc -c -g -O2  conftest.c >&5
configure:2507: $? = 0
configure:2510: test -z 			 || test ! -s conftest.err
configure:2513: $? = 0
configure:2516: test -s conftest.o
configure:2519: $? = 0
configure:2530: result: yes
configure:2542: checking your blood pressure
configure:2544: result: a bit high, but we can proceed
configure:2548: checking whether apxs is available...
configure:2555: checking for --with-apxs
configure:2564: result: /usr/local/apache2/bin/apxs executable, good
configure:2710: checking Apache version
configure:2714: result: 2.2.25
configure:2725: checking for Apache libexec directory
configure:2728: result: /usr/local/apache2/modules
configure:2732: checking for Apache include directory
configure:2735: result: -I/usr/local/apache2/include
configure:2803: checking for --with-python
configure:2811: result: /usr/local/bin/python
configure:2868: checking Python version
configure:2872: result: 2.7
configure:2883: checking Python install prefix
configure:2886: result: /usr/local
configure:2891: checking checking where python libraries are installed
configure:2894: result: /usr/local/lib/python2.7
configure:2917: checking for Py_NewInterpreter in -lpython2.7
configure:2947: gcc -o conftest -g -O2   -L/usr/local/lib/python2.7/config conftest.c -lpython2.7    -lpthread -ldl  -lutil   -lm                    -lm  >&5
/usr/local/lib/python2.7/config/libpython2.7.a(posixmodule.o): In function `posix_tmpnam':
/home/dds/Downloads/Python-2.7.7/./Modules/posixmodule.c:7575: warning: the use of `tmpnam_r' is dangerous, better use `mkstemp'
/usr/local/lib/python2.7/config/libpython2.7.a(posixmodule.o): In function `posix_tempnam':
/home/dds/Downloads/Python-2.7.7/./Modules/posixmodule.c:7522: warning: the use of `tempnam' is dangerous, better use `mkstemp'
configure:2953: $? = 0
configure:2956: test -z 			 || test ! -s conftest.err
configure:2959: $? = 0
configure:2962: test -s conftest
configure:2965: $? = 0
configure:2978: result: yes
configure:2998: checking what libraries Python was linked with
configure:3009: result: -lpython2.7 -lpthread -ldl -lutil -lm
configure:3012: checking linker flags used to link Python
configure:3019: result: 
configure:3022: checking where Python include files are
configure:3027: result: -I/usr/local/include/python2.7
configure:3044: checking for --with-python-src
configure:3056: result: no
configure:3065: checking for --with-mutex-dir
configure:3077: result: no
configure:3085: result: Using MUTEX_DIR /tmp
configure:3090: checking for --with-max-locks
configure:3102: result: no
configure:3109: result: Using 8 MAX_LOCKS.
configure:3117: checking for --with-flex
configure:3129: result: no
configure:3137: checking for flex
configure:3155: found /usr/bin/flex
configure:3167: result: /usr/bin/flex
configure:3177: result: found /usr/bin/flex, we'll use this. Use --with-flex to specify another.
configure:3180: checking flex version
configure:3188: result: 2.5.35. Good
configure:3343: creating ./config.status

## ---------------------- ##
## Running config.status. ##
## ---------------------- ##

This file was extended by config.status, which was
generated by GNU Autoconf 2.59.  Invocation command line was

  CONFIG_FILES    = 
  CONFIG_HEADERS  = 
  CONFIG_LINKS    = 
  CONFIG_COMMANDS = 
  $ ./config.status 

on ys-centos

config.status:707: creating Makefile
config.status:707: creating src/Makefile
config.status:707: creating Doc/Makefile
config.status:707: creating src/include/mod_python.h
config.status:707: creating test/Makefile
config.status:707: creating test/testconf.py
config.status:707: creating dist/setup.py
config.status:707: creating dist/Makefile

## ---------------- ##
## Cache variables. ##
## ---------------- ##

ac_cv_c_compiler_gnu=yes
ac_cv_c_const=yes
ac_cv_env_CC_set=
ac_cv_env_CC_value=
ac_cv_env_CFLAGS_set=
ac_cv_env_CFLAGS_value=
ac_cv_env_CPPFLAGS_set=
ac_cv_env_CPPFLAGS_value=
ac_cv_env_LDFLAGS_set=
ac_cv_env_LDFLAGS_value=
ac_cv_env_build_alias_set=
ac_cv_env_build_alias_value=
ac_cv_env_host_alias_set=
ac_cv_env_host_alias_value=
ac_cv_env_target_alias_set=
ac_cv_env_target_alias_value=
ac_cv_exeext=
ac_cv_lib_m_main=yes
ac_cv_lib_python2_7___Py_NewInterpreter=yes
ac_cv_objext=o
ac_cv_path_LEX=/usr/bin/flex
ac_cv_path_install='/usr/bin/install -c'
ac_cv_prog_AR=ar
ac_cv_prog_ac_ct_CC=gcc
ac_cv_prog_cc_g=yes
ac_cv_prog_cc_stdc=
ac_cv_prog_make_make_set=yes

## ----------------- ##
## Output variables. ##
## ----------------- ##

ALL='dso'
APXS='/usr/local/apache2/bin/apxs'
AP_SRC=''
AP_SRC_GRP=''
AP_SRC_OWN=''
AR='ar'
CC='gcc'
CFLAGS='-g -O2'
CPPFLAGS=''
DEFS='-DPACKAGE_NAME=\"\" -DPACKAGE_TARNAME=\"\" -DPACKAGE_VERSION=\"\" -DPACKAGE_STRING=\"\" -DPACKAGE_BUGREPORT=\"\" -DHAVE_LIBM=1 '
DSO='do_dso'
ECHO_C=''
ECHO_N='-n'
ECHO_T=''
EXEEXT=''
HTTPD='/usr/local/apache2/bin/httpd'
INCLUDES='-I/home/dds/workspace/httpd-2.2.25/modules/mod_python-3.3.1/src/include -I/usr/local/apache2/include -I/usr/local/include/python2.7'
INSTALL_DATA='${INSTALL} -m 644'
INSTALL_PROGRAM='${INSTALL}'
INSTALL_SCRIPT='${INSTALL}'
LDFLAGS=' -L/usr/local/lib/python2.7/config  -Xlinker -export-dynamic     '
LEX='/usr/bin/flex'
LIBEXECDIR='/usr/local/apache2/modules'
LIBOBJS=''
LIBS='-lm  -lpython2.7 -lpthread -ldl -lutil -lm'
LTLIBOBJS=''
MAX_LOCKS='8'
MOD_PYTHON_SO='/home/dds/workspace/httpd-2.2.25/modules/mod_python-3.3.1/src/mod_python.so'
MP_VERSION='3.3.1'
MUTEX_DIR='/tmp'
OBJEXT='o'
PACKAGE_BUGREPORT=''
PACKAGE_NAME=''
PACKAGE_STRING=''
PACKAGE_TARNAME=''
PACKAGE_VERSION=''
PATH_SEPARATOR=':'
PYTHON_BIN='/usr/local/bin/python'
PYTHON_SRC=''
PY_STD_LIB='/usr/local/lib/python2.7'
SET_MAKE=''
SHELL='/bin/sh'
SOLARIS_HACKS=''
STATIC='no_static'
TEST_SERVER_ROOT='/home/dds/workspace/httpd-2.2.25/modules/mod_python-3.3.1/test'
ac_ct_CC='gcc'
bindir='${exec_prefix}/bin'
build_alias=''
datadir='${prefix}/share'
exec_prefix='${prefix}'
host_alias=''
includedir='${prefix}/include'
infodir='${prefix}/info'
libdir='${exec_prefix}/lib'
libexecdir='${exec_prefix}/libexec'
localstatedir='${prefix}/var'
mandir='${prefix}/man'
oldincludedir='/usr/include'
prefix='/usr/local'
program_transform_name='s,x,x,'
sbindir='${exec_prefix}/sbin'
sharedstatedir='${prefix}/com'
sysconfdir='${prefix}/etc'
target_alias=''

## ----------- ##
## confdefs.h. ##
## ----------- ##

#define HAVE_LIBM 1
#define PACKAGE_BUGREPORT ""
#define PACKAGE_NAME ""
#define PACKAGE_STRING ""
#define PACKAGE_TARNAME ""
#define PACKAGE_VERSION ""

configure: exit 0
